<?xml version="1.0" encoding="UTF-8"?>
<!-- Generated by org.testng.reporters.JUnitReportReporter -->
<testsuite skipped="7" hostname="GLM-DV-L14" name="basRestAssured.citiesTestsAlmatar" tests="10" failures="0" timestamp="03 Jul 2020 13:43:23 GMT" time="19.042" errors="0">
  <testcase name="searchOneWayItinerary" time="6.118" classname="basRestAssured.citiesTestsAlmatar"/>
  <testcase name="validateItinerary" time="9.503" classname="basRestAssured.citiesTestsAlmatar"/>
  <testcase name="getItineraryDetails" time="3.421" classname="basRestAssured.citiesTestsAlmatar"/>
  <testcase name="searchOneWayItineraryDEMO" classname="basRestAssured.citiesTestsAlmatar">
    <skipped/>
  </testcase> <!-- searchOneWayItineraryDEMO -->
  <testcase name="requestDetinations" classname="basRestAssured.citiesTestsAlmatar">
    <skipped/>
  </testcase> <!-- requestDetinations -->
  <testcase name="requestTopDestinations" classname="basRestAssured.citiesTestsAlmatar">
    <skipped/>
  </testcase> <!-- requestTopDestinations -->
  <testcase name="requestCities" classname="basRestAssured.citiesTestsAlmatar">
    <skipped/>
  </testcase> <!-- requestCities -->
  <testcase name="requestSuggestions" classname="basRestAssured.citiesTestsAlmatar">
    <skipped/>
  </testcase> <!-- requestSuggestions -->
  <testcase name="requestRates" classname="basRestAssured.citiesTestsAlmatar">
    <skipped/>
  </testcase> <!-- requestRates -->
  <testcase name="requestOffers" classname="basRestAssured.citiesTestsAlmatar">
    <skipped/>
  </testcase> <!-- requestOffers -->
</testsuite> <!-- basRestAssured.citiesTestsAlmatar -->
