<?xml version="1.0" encoding="UTF-8"?>
<!-- Generated by org.testng.reporters.JUnitReportReporter -->
<testsuite skipped="0" hostname="GLM-DV-L14" name="basRestAssured.functionalTests" tests="10" failures="0" timestamp="13 Jun 2020 21:55:49 GMT" time="0.403" errors="0">
  <testcase name="validateStatusCode" time="0.005" classname="basRestAssured.functionalTests"/>
  <testcase name="validateCountryName" time="0.308" classname="basRestAssured.functionalTests"/>
  <testcase name="validateCountryPostCode" time="0.010" classname="basRestAssured.functionalTests"/>
  <testcase name="validateCountryAbbreviation" time="0.008" classname="basRestAssured.functionalTests"/>
  <testcase name="validateCountOfPlaces" time="0.012" classname="basRestAssured.functionalTests"/>
  <testcase name="validatePlaceName" time="0.016" classname="basRestAssured.functionalTests"/>
  <testcase name="validateLongitude" time="0.011" classname="basRestAssured.functionalTests"/>
  <testcase name="validateState" time="0.009" classname="basRestAssured.functionalTests"/>
  <testcase name="validateStateAbbreviation" time="0.013" classname="basRestAssured.functionalTests"/>
  <testcase name="validateLatitude" time="0.011" classname="basRestAssured.functionalTests"/>
</testsuite> <!-- basRestAssured.functionalTests -->
